This is pdfTeX, Version 3.14159265-2.6-1.40.19 (MiKTeX 2.9.6800 64-bit) (preloaded format=pdflatex 2018.9.14)  12 MAR 2019 23:30
entering extended mode
**./redhelp.tex
(redhelp.tex
LaTeX2e <2018-04-01> patch level 5
("C:\Program Files\MiKTeX 2.9\tex\latex\base\article.cls"
Document Class: article 2014/09/29 v1.4h Standard LaTeX document class
("C:\Program Files\MiKTeX 2.9\tex\latex\base\size10.clo"
File: size10.clo 2014/09/29 v1.4h Standard LaTeX file (size option)
)
\c@part=\count80
\c@section=\count81
\c@subsection=\count82
\c@subsubsection=\count83
\c@paragraph=\count84
\c@subparagraph=\count85
\c@figure=\count86
\c@table=\count87
\abovecaptionskip=\skip41
\belowcaptionskip=\skip42
\bibindent=\dimen102
)
("C:\Program Files\MiKTeX 2.9\tex\latex\hyperref\hyperref.sty"
Package: hyperref 2018/02/06 v6.86b Hypertext links for LaTeX

("C:\Program Files\MiKTeX 2.9\tex\generic\oberdiek\hobsub-hyperref.sty"
Package: hobsub-hyperref 2016/05/16 v1.14 Bundle oberdiek, subset hyperref (HO)


("C:\Program Files\MiKTeX 2.9\tex\generic\oberdiek\hobsub-generic.sty"
Package: hobsub-generic 2016/05/16 v1.14 Bundle oberdiek, subset generic (HO)
Package: hobsub 2016/05/16 v1.14 Construct package bundles (HO)
Package: infwarerr 2016/05/16 v1.4 Providing info/warning/error messages (HO)
Package: ltxcmds 2016/05/16 v1.23 LaTeX kernel commands for general use (HO)
Package: ifluatex 2016/05/16 v1.4 Provides the ifluatex switch (HO)
Package ifluatex Info: LuaTeX not detected.
Package: ifvtex 2016/05/16 v1.6 Detect VTeX and its facilities (HO)
Package ifvtex Info: VTeX not detected.
Package: intcalc 2016/05/16 v1.2 Expandable calculations with integers (HO)
Package: ifpdf 2018/09/07 v3.3 Provides the ifpdf switch
Package: etexcmds 2016/05/16 v1.6 Avoid name clashes with e-TeX commands (HO)
Package etexcmds Info: Could not find \expanded.
(etexcmds)             That can mean that you are not using pdfTeX 1.50 or
(etexcmds)             that some package has redefined \expanded.
(etexcmds)             In the latter case, load this package earlier.
Package: kvsetkeys 2016/05/16 v1.17 Key value parser (HO)
Package: kvdefinekeys 2016/05/16 v1.4 Define keys (HO)
Package: pdftexcmds 2018/09/07 v0.28 Utility functions of pdfTeX for LuaTeX (HO
)
Package pdftexcmds Info: LuaTeX not detected.
Package pdftexcmds Info: \pdf@primitive is available.
Package pdftexcmds Info: \pdf@ifprimitive is available.
Package pdftexcmds Info: \pdfdraftmode found.
Package: pdfescape 2016/05/16 v1.14 Implements pdfTeX's escape features (HO)
Package: bigintcalc 2016/05/16 v1.4 Expandable calculations on big integers (HO
)
Package: bitset 2016/05/16 v1.2 Handle bit-vector datatype (HO)
Package: uniquecounter 2016/05/16 v1.3 Provide unlimited unique counter (HO)
)
Package hobsub Info: Skipping package `hobsub' (already loaded).
Package: letltxmacro 2016/05/16 v1.5 Let assignment for LaTeX macros (HO)
Package: hopatch 2016/05/16 v1.3 Wrapper for package hooks (HO)
Package: xcolor-patch 2016/05/16 xcolor patch
Package: atveryend 2016/05/16 v1.9 Hooks at the very end of document (HO)
Package atveryend Info: \enddocument detected (standard20110627).
Package: atbegshi 2016/06/09 v1.18 At begin shipout hook (HO)
Package: refcount 2016/05/16 v3.5 Data extraction from label references (HO)
Package: hycolor 2016/05/16 v1.8 Color options for hyperref/bookmark (HO)
)
("C:\Program Files\MiKTeX 2.9\tex\latex\graphics\keyval.sty"
Package: keyval 2014/10/28 v1.15 key=value parser (DPC)
\KV@toks@=\toks14
)
("C:\Program Files\MiKTeX 2.9\tex\generic\ifxetex\ifxetex.sty"
Package: ifxetex 2010/09/12 v0.6 Provides ifxetex conditional
)
("C:\Program Files\MiKTeX 2.9\tex\latex\oberdiek\auxhook.sty"
Package: auxhook 2016/05/16 v1.4 Hooks for auxiliary files (HO)
)
("C:\Program Files\MiKTeX 2.9\tex\latex\oberdiek\kvoptions.sty"
Package: kvoptions 2016/05/16 v3.12 Key value format for package options (HO)
)
\@linkdim=\dimen103
\Hy@linkcounter=\count88
\Hy@pagecounter=\count89

("C:\Program Files\MiKTeX 2.9\tex\latex\hyperref\pd1enc.def"
File: pd1enc.def 2018/02/06 v6.86b Hyperref: PDFDocEncoding definition (HO)
Now handling font encoding PD1 ...
... no UTF-8 mapping file for font encoding PD1
)
\Hy@SavedSpaceFactor=\count90

("C:\Program Files\MiKTeX 2.9\tex\latex\00miktex\hyperref.cfg"
File: hyperref.cfg 2002/06/06 v1.2 hyperref configuration of TeXLive
)
Package hyperref Info: Option `colorlinks' set `true' on input line 4383.
Package hyperref Info: Hyper figures OFF on input line 4509.
Package hyperref Info: Link nesting OFF on input line 4514.
Package hyperref Info: Hyper index ON on input line 4517.
Package hyperref Info: Plain pages OFF on input line 4524.
Package hyperref Info: Backreferencing OFF on input line 4529.
Package hyperref Info: Implicit mode ON; LaTeX internals redefined.
Package hyperref Info: Bookmarks ON on input line 4762.
\c@Hy@tempcnt=\count91

("C:\Program Files\MiKTeX 2.9\tex\latex\url\url.sty"
\Urlmuskip=\muskip10
Package: url 2013/09/16  ver 3.4  Verb mode for urls, etc.
)
LaTeX Info: Redefining \url on input line 5115.
\XeTeXLinkMargin=\dimen104
\Fld@menulength=\count92
\Field@Width=\dimen105
\Fld@charsize=\dimen106
Package hyperref Info: Hyper figures OFF on input line 6369.
Package hyperref Info: Link nesting OFF on input line 6374.
Package hyperref Info: Hyper index ON on input line 6377.
Package hyperref Info: backreferencing OFF on input line 6384.
Package hyperref Info: Link coloring ON on input line 6387.
Package hyperref Info: Link coloring with OCG OFF on input line 6394.
Package hyperref Info: PDF/A mode OFF on input line 6399.
LaTeX Info: Redefining \ref on input line 6439.
LaTeX Info: Redefining \pageref on input line 6443.
\Hy@abspage=\count93
\c@Item=\count94
\c@Hfootnote=\count95
)
Package hyperref Info: Driver (autodetected): hpdftex.

("C:\Program Files\MiKTeX 2.9\tex\latex\hyperref\hpdftex.def"
File: hpdftex.def 2018/02/06 v6.86b Hyperref driver for pdfTeX
\Fld@listcount=\count96
\c@bookmark@seq@number=\count97

("C:\Program Files\MiKTeX 2.9\tex\latex\oberdiek\rerunfilecheck.sty"
Package: rerunfilecheck 2016/05/16 v1.8 Rerun checks for auxiliary files (HO)
Package uniquecounter Info: New unique counter `rerunfilecheck' on input line 2
82.
)
\Hy@SectionHShift=\skip43
)
(redindex.sty
Document style option `redindex' version 1.3 -- RmS 1999/04/15
(reduce.sty
Document style option `reduce' -- released 28 Jul 1998.
\reduceboxwidth=\skip44
\redboxwidth=\skip45
\rboxwidth=\skip46
\c@examplectr=\count98
\@mcdheight=\dimen107
) ("C:\Program Files\MiKTeX 2.9\tex\latex\tools\array.sty"

LaTeX Warning: You have requested package `redindex',
               but the package provides `array'.

Package: array 2018/04/30 v2.4h Tabular extension package (FMi)
\col@sep=\dimen108
\ar@mcellbox=\box26
\extrarowheight=\dimen109
\NC@list=\toks15
\extratabsurround=\skip47
\backup@length=\skip48
\ar@cellbox=\box27
)
\double@list=\toks16
\newitem@penalty=\count99
\newitem@preskip=\skip49
\newitem@postskip=\skip50
\newitem@headsep=\skip51
\itemsec@sep=\skip52
\itemsec@penalty=\count100
\OutputIndent=\dimen110
\maxexamplecolwidth=\dimen111
\MaxOutputWidth=\dimen112
\Syntaxindent=\dimen113
) ("C:\Program Files\MiKTeX 2.9\tex\latex\base\makeidx.sty"
Package: makeidx 2014/09/29 v1.0m Standard LaTeX package
)
("C:\Program Files\MiKTeX 2.9\tex\latex\tocloft\tocloft.sty"
Package: tocloft 2017/08/31 v2.3i parameterised ToC, etc., typesetting
Package tocloft Info: The document has section divisions on input line 51.
\cftparskip=\skip53
\cftbeforetoctitleskip=\skip54
\cftaftertoctitleskip=\skip55
\cftbeforepartskip=\skip56
\cftpartnumwidth=\skip57
\cftpartindent=\skip58
\cftbeforesecskip=\skip59
\cftsecindent=\skip60
\cftsecnumwidth=\skip61
\cftbeforesubsecskip=\skip62
\cftsubsecindent=\skip63
\cftsubsecnumwidth=\skip64
\cftbeforesubsubsecskip=\skip65
\cftsubsubsecindent=\skip66
\cftsubsubsecnumwidth=\skip67
\cftbeforeparaskip=\skip68
\cftparaindent=\skip69
\cftparanumwidth=\skip70
\cftbeforesubparaskip=\skip71
\cftsubparaindent=\skip72
\cftsubparanumwidth=\skip73
\cftbeforeloftitleskip=\skip74
\cftafterloftitleskip=\skip75
\cftbeforefigskip=\skip76
\cftfigindent=\skip77
\cftfignumwidth=\skip78
\c@lofdepth=\count101
\c@lotdepth=\count102
\cftbeforelottitleskip=\skip79
\cftafterlottitleskip=\skip80
\cftbeforetabskip=\skip81
\cfttabindent=\skip82
\cfttabnumwidth=\skip83
)
("C:\Program Files\MiKTeX 2.9\tex\latex\graphics\color.sty"
Package: color 2016/07/10 v1.1e Standard LaTeX Color (DPC)

("C:\Program Files\MiKTeX 2.9\tex\latex\graphics-cfg\color.cfg"
File: color.cfg 2016/01/02 v1.6 sample color configuration
)
Package color Info: Driver file: pdftex.def on input line 147.

("C:\Program Files\MiKTeX 2.9\tex\latex\graphics-def\pdftex.def"
File: pdftex.def 2018/01/08 v1.0l Graphics/color driver for pdftex
))
\@indexfile=\write3
\openout3 = `redhelp.idx'.


Writing index file redhelp.idx
(redhelp.aux

LaTeX Warning: Label `false' multiply defined.

Double found: factor, list: 
Double found: int, list: factor\relax 

LaTeX Warning: Label `Groebner bases' multiply defined.

Double found: tr, list: factor\relax int\relax 
Double found: untr, list: factor\relax int\relax tr\relax 
)
\openout1 = `redhelp.aux'.

LaTeX Font Info:    Checking defaults for OML/cmm/m/it on input line 45.
LaTeX Font Info:    ... okay on input line 45.
LaTeX Font Info:    Checking defaults for T1/cmr/m/n on input line 45.
LaTeX Font Info:    ... okay on input line 45.
LaTeX Font Info:    Checking defaults for OT1/cmr/m/n on input line 45.
LaTeX Font Info:    ... okay on input line 45.
LaTeX Font Info:    Checking defaults for OMS/cmsy/m/n on input line 45.
LaTeX Font Info:    ... okay on input line 45.
LaTeX Font Info:    Checking defaults for OMX/cmex/m/n on input line 45.
LaTeX Font Info:    ... okay on input line 45.
LaTeX Font Info:    Checking defaults for U/cmr/m/n on input line 45.
LaTeX Font Info:    ... okay on input line 45.
LaTeX Font Info:    Checking defaults for PD1/pdf/m/n on input line 45.
LaTeX Font Info:    ... okay on input line 45.
\AtBeginShipoutBox=\box28
Package hyperref Info: Link coloring ON on input line 45.
 ("C:\Program Files\MiKTeX 2.9\tex\latex\hyperref\nameref.sty"
Package: nameref 2016/05/21 v2.44 Cross-referencing by name of section

("C:\Program Files\MiKTeX 2.9\tex\generic\oberdiek\gettitlestring.sty"
Package: gettitlestring 2016/05/16 v1.5 Cleanup title references (HO)
)
\c@section@level=\count103
)
LaTeX Info: Redefining \ref on input line 45.
LaTeX Info: Redefining \pageref on input line 45.
LaTeX Info: Redefining \nameref on input line 45.

(redhelp.out) (redhelp.out)
\@outlinefile=\write4
\openout4 = `redhelp.out'.


("C:\Program Files\MiKTeX 2.9\tex\context\base\supp-pdf.mkii"
[Loading MPS to PDF converter (version 2006.09.02).]
\scratchcounter=\count104
\scratchdimen=\dimen114
\scratchbox=\box29
\nofMPsegments=\count105
\nofMParguments=\count106
\everyMPshowfont=\toks17
\MPscratchCnt=\count107
\MPscratchDim=\dimen115
\MPnumerator=\count108
\makeMPintoPDFobject=\count109
\everyMPtoPDFconversion=\toks18
)
LaTeX Font Info:    External font `cmex10' loaded for size
(Font)              <14.4> on input line 48.
LaTeX Font Info:    External font `cmex10' loaded for size
(Font)              <7> on input line 48.
 [1

{C:/Users/kfp/AppData/Local/MiKTeX/2.9/pdftex/config/pdftex.map}]
(reduce-preamble.tex) [2

] (redhelp.toc
LaTeX Font Info:    External font `cmex10' loaded for size
(Font)              <5> on input line 1.

! Missing $ inserted.
<inserted text> 
                $
l.30 ...ine {4.8}\Rightarrow }{53}{subsection.4.8}
                                                  
I've inserted a begin-math/end-math symbol since I think
you left one out. Proceed, with fingers crossed.

! Extra }, or forgotten $.
<argument> ...ame }{\numberline {4.8}\Rightarrow }
                                                  \hyper@linkend 
l.30 ...ine {4.8}\Rightarrow }{53}{subsection.4.8}
                                                  
I've deleted a group-closing symbol because it seems to be
spurious, as in `$x}$'. But perhaps the } is legitimate and
you forgot something else, as in `\hbox{$x}'. In such cases
the way to recover is to insert both the forgotten and the
deleted material, e.g., by typing `I$}'.

! Missing $ inserted.
<inserted text> 
                $
l.30 ...ine {4.8}\Rightarrow }{53}{subsection.4.8}
                                                  
I've inserted something that you may have forgotten.
(See the <inserted text> above.)
With luck, this will get me unwedged. But if you
really didn't forget anything, try typing `2' now; then
my insertion and my current dilemma will both disappear.

! Missing } inserted.
<inserted text> 
                }
l.30 ...ine {4.8}\Rightarrow }{53}{subsection.4.8}
                                                  
I've inserted something that you may have forgotten.
(See the <inserted text> above.)
With luck, this will get me unwedged. But if you
really didn't forget anything, try typing `2' now; then
my insertion and my current dilemma will both disappear.

[3

]
! Missing $ inserted.
<inserted text> 
                $
l.37 ...mberline {4.15}\geq }{60}{subsection.4.15}
                                                  
I've inserted a begin-math/end-math symbol since I think
you left one out. Proceed, with fingers crossed.

! Extra }, or forgotten $.
<argument> ...cdestname }{\numberline {4.15}\geq }
                                                  \hyper@linkend 
l.37 ...mberline {4.15}\geq }{60}{subsection.4.15}
                                                  
I've deleted a group-closing symbol because it seems to be
spurious, as in `$x}$'. But perhaps the } is legitimate and
you forgot something else, as in `\hbox{$x}'. In such cases
the way to recover is to insert both the forgotten and the
deleted material, e.g., by typing `I$}'.

! Missing $ inserted.
<inserted text> 
                $
l.37 ...mberline {4.15}\geq }{60}{subsection.4.15}
                                                  
I've inserted something that you may have forgotten.
(See the <inserted text> above.)
With luck, this will get me unwedged. But if you
really didn't forget anything, try typing `2' now; then
my insertion and my current dilemma will both disappear.

! Missing } inserted.
<inserted text> 
                }
l.37 ...mberline {4.15}\geq }{60}{subsection.4.15}
                                                  
I've inserted something that you may have forgotten.
(See the <inserted text> above.)
With luck, this will get me unwedged. But if you
really didn't forget anything, try typing `2' now; then
my insertion and my current dilemma will both disappear.

LaTeX Font Info:    Try loading font information for OML+cmr on input line 38.
("C:\Program Files\MiKTeX 2.9\tex\latex\base\omlcmr.fd"
File: omlcmr.fd 2014/09/29 v2.5h Standard LaTeX font definitions
)
LaTeX Font Info:    Font shape `OML/cmr/m/n' in size <10> not available
(Font)              Font shape `OML/cmm/m/it' tried instead on input line 38.

! Missing $ inserted.
<inserted text> 
                $
l.39 ...mberline {4.17}\leq }{62}{subsection.4.17}
                                                  
I've inserted a begin-math/end-math symbol since I think
you left one out. Proceed, with fingers crossed.

! Extra }, or forgotten $.
<argument> ...cdestname }{\numberline {4.17}\leq }
                                                  \hyper@linkend 
l.39 ...mberline {4.17}\leq }{62}{subsection.4.17}
                                                  
I've deleted a group-closing symbol because it seems to be
spurious, as in `$x}$'. But perhaps the } is legitimate and
you forgot something else, as in `\hbox{$x}'. In such cases
the way to recover is to insert both the forgotten and the
deleted material, e.g., by typing `I$}'.

! Missing $ inserted.
<inserted text> 
                $
l.39 ...mberline {4.17}\leq }{62}{subsection.4.17}
                                                  
I've inserted something that you may have forgotten.
(See the <inserted text> above.)
With luck, this will get me unwedged. But if you
really didn't forget anything, try typing `2' now; then
my insertion and my current dilemma will both disappear.

! Missing } inserted.
<inserted text> 
                }
l.39 ...mberline {4.17}\leq }{62}{subsection.4.17}
                                                  
I've inserted something that you may have forgotten.
(See the <inserted text> above.)
With luck, this will get me unwedged. But if you
really didn't forget anything, try typing `2' now; then
my insertion and my current dilemma will both disappear.

! Missing $ inserted.
<inserted text> 
                $
l.42 ...umberline {4.20}\ll }{65}{subsection.4.20}
                                                  
I've inserted a begin-math/end-math symbol since I think
you left one out. Proceed, with fingers crossed.

! Extra }, or forgotten $.
<argument> ...ocdestname }{\numberline {4.20}\ll }
                                                  \hyper@linkend 
l.42 ...umberline {4.20}\ll }{65}{subsection.4.20}
                                                  
I've deleted a group-closing symbol because it seems to be
spurious, as in `$x}$'. But perhaps the } is legitimate and
you forgot something else, as in `\hbox{$x}'. In such cases
the way to recover is to insert both the forgotten and the
deleted material, e.g., by typing `I$}'.

! Missing $ inserted.
<inserted text> 
                $
l.42 ...umberline {4.20}\ll }{65}{subsection.4.20}
                                                  
I've inserted something that you may have forgotten.
(See the <inserted text> above.)
With luck, this will get me unwedged. But if you
really didn't forget anything, try typing `2' now; then
my insertion and my current dilemma will both disappear.

! Missing } inserted.
<inserted text> 
                }
l.42 ...umberline {4.20}\ll }{65}{subsection.4.20}
                                                  
I've inserted something that you may have forgotten.
(See the <inserted text> above.)
With luck, this will get me unwedged. But if you
really didn't forget anything, try typing `2' now; then
my insertion and my current dilemma will both disappear.

[4] [5] [6] [7] [8] [9] [10] [11] [12] [13] [14] [15] [16] [17] [18] [19]
[20] [21])
\tf@toc=\write5
\openout5 = `redhelp.toc'.

 (intro.tex [22]
LaTeX Font Info:    Try loading font information for OMS+cmr on input line 35.

("C:\Program Files\MiKTeX 2.9\tex\latex\base\omscmr.fd"
File: omscmr.fd 2014/09/29 v2.5h Standard LaTeX font definitions
)
LaTeX Font Info:    Font shape `OMS/cmr/m/it' in size <10> not available
(Font)              Font shape `OMS/cmsy/m/n' tried instead on input line 35.
 [23]) (concept.tex
[24] [25] [26] [27]) (variable.tex [28] [29] [30] [31] [32] [33]
Overfull \hbox (5.66893pt too wide) in paragraph at lines 80--83
\OT1/cmr/m/n/10 The [] vari-able sets the num-ber of char-ac-ters in a line of 
Fortran-compatible
 []

[34] [35] [36] [37] [38] [39] [40] [41] [42]) (syntax.tex [43] [44] [45]
Underfull \hbox (badness 10000) in paragraph at lines 42--42
[]\OT1/cmtt/m/it/10 The workspace is set to \OT1/cmtt/m/sl/10 $\OT1/cmtt/m/it/1
0 x[] + 2x +
 []

[46] [47] [48] [49] [50] [51]
LaTeX Font Info:    External font `cmex10' loaded for size
(Font)              <12> on input line 196.
LaTeX Font Info:    External font `cmex10' loaded for size
(Font)              <8> on input line 196.
LaTeX Font Info:    External font `cmex10' loaded for size
(Font)              <6> on input line 196.
 [52]
! Missing $ inserted.
<inserted text> 
                $
l.225 \begin{Operator}[replace]{\Rightarrow}
                                            
I've inserted a begin-math/end-math symbol since I think
you left one out. Proceed, with fingers crossed.

! Missing $ inserted.
<inserted text> 
                $
l.225 \begin{Operator}[replace]{\Rightarrow}
                                            
I've inserted a begin-math/end-math symbol since I think
you left one out. Proceed, with fingers crossed.


Package hyperref Warning: Token not allowed in a PDF string (PDFDocEncoding):
(hyperref)                removing `\Rightarrow' on input line 225.

! Missing $ inserted.
<inserted text> 
                $
l.225 \begin{Operator}[replace]{\Rightarrow}
                                            
I've inserted a begin-math/end-math symbol since I think
you left one out. Proceed, with fingers crossed.

LaTeX Font Info:    External font `cmex10' loaded for size
(Font)              <17.28> on input line 225.
! Extra }, or forgotten $.
\newitem ...LARGE \bf \sf \uppercase {#3}\hfil #1}
                                                  \nobreak \vskip \newitem@h...
l.225 \begin{Operator}[replace]{\Rightarrow}
                                            
I've deleted a group-closing symbol because it seems to be
spurious, as in `$x}$'. But perhaps the } is legitimate and
you forgot something else, as in `\hbox{$x}'. In such cases
the way to recover is to insert both the forgotten and the
deleted material, e.g., by typing `I$}'.

! Missing $ inserted.
<inserted text> 
                $
l.225 \begin{Operator}[replace]{\Rightarrow}
                                            
I've inserted a begin-math/end-math symbol since I think
you left one out. Proceed, with fingers crossed.

! Missing } inserted.
<inserted text> 
                }
l.225 \begin{Operator}[replace]{\Rightarrow}
                                            
I've inserted something that you may have forgotten.
(See the <inserted text> above.)
With luck, this will get me unwedged. But if you
really didn't forget anything, try typing `2' now; then
my insertion and my current dilemma will both disappear.

[53]
LaTeX Font Info:    Font shape `OMS/cmr/m/n' in size <12> not available
(Font)              Font shape `OMS/cmsy/m/n' tried instead on input line 242.
 [54] [55] [56] [57] [58] [59]
! Missing $ inserted.
<inserted text> 
                $
l.442 \begin{Operator}[geqsign]{\geq}
                                     
I've inserted a begin-math/end-math symbol since I think
you left one out. Proceed, with fingers crossed.

! Missing $ inserted.
<inserted text> 
                $
l.442 \begin{Operator}[geqsign]{\geq}
                                     
I've inserted a begin-math/end-math symbol since I think
you left one out. Proceed, with fingers crossed.


Package hyperref Warning: Token not allowed in a PDF string (PDFDocEncoding):
(hyperref)                removing `\geq' on input line 442.

! Missing $ inserted.
<inserted text> 
                $
l.442 \begin{Operator}[geqsign]{\geq}
                                     
I've inserted a begin-math/end-math symbol since I think
you left one out. Proceed, with fingers crossed.

! Extra }, or forgotten $.
\newitem ...LARGE \bf \sf \uppercase {#3}\hfil #1}
                                                  \nobreak \vskip \newitem@h...
l.442 \begin{Operator}[geqsign]{\geq}
                                     
I've deleted a group-closing symbol because it seems to be
spurious, as in `$x}$'. But perhaps the } is legitimate and
you forgot something else, as in `\hbox{$x}'. In such cases
the way to recover is to insert both the forgotten and the
deleted material, e.g., by typing `I$}'.

! Missing $ inserted.
<inserted text> 
                $
l.442 \begin{Operator}[geqsign]{\geq}
                                     
I've inserted a begin-math/end-math symbol since I think
you left one out. Proceed, with fingers crossed.

! Missing } inserted.
<inserted text> 
                }
l.442 \begin{Operator}[geqsign]{\geq}
                                     
I've inserted something that you may have forgotten.
(See the <inserted text> above.)
With luck, this will get me unwedged. But if you
really didn't forget anything, try typing `2' now; then
my insertion and my current dilemma will both disappear.


Overfull \hbox (36.61134pt too wide) in paragraph at lines 461--466
\OT1/cmr/m/n/10 com-par-i-son can only be used in-side pro-gram-ming con-struct
s, such as []if[] ([][]4.34[][])...[]...[]
 []

[60]
LaTeX Font Info:    Font shape `OML/cmr/bx/n' in size <14.4> not available
(Font)              Font shape `OML/cmm/b/it' tried instead on input line 470.
LaTeX Font Info:    Try loading font information for OML+cmss on input line 470
.
LaTeX Font Info:    No file OMLcmss.fd. on input line 470.


LaTeX Font Warning: Font shape `OML/cmss/m/n' undefined
(Font)              using `OML/cmm/m/it' instead
(Font)              for symbol `textgreater' on input line 470.


Overfull \hbox (36.61134pt too wide) in paragraph at lines 490--495
\OT1/cmr/m/n/10 com-par-i-son can only be used in-side pro-gram-ming con-struct
s, such as []if[] ([][]4.34[][])...[]...[]
 []

[61]
! Missing $ inserted.
<inserted text> 
                $
l.499 \begin{Operator}[leqsign]{\leq}
                                     
I've inserted a begin-math/end-math symbol since I think
you left one out. Proceed, with fingers crossed.

! Missing $ inserted.
<inserted text> 
                $
l.499 \begin{Operator}[leqsign]{\leq}
                                     
I've inserted a begin-math/end-math symbol since I think
you left one out. Proceed, with fingers crossed.


Package hyperref Warning: Token not allowed in a PDF string (PDFDocEncoding):
(hyperref)                removing `\leq' on input line 499.

! Missing $ inserted.
<inserted text> 
                $
l.499 \begin{Operator}[leqsign]{\leq}
                                     
I've inserted a begin-math/end-math symbol since I think
you left one out. Proceed, with fingers crossed.

! Extra }, or forgotten $.
\newitem ...LARGE \bf \sf \uppercase {#3}\hfil #1}
                                                  \nobreak \vskip \newitem@h...
l.499 \begin{Operator}[leqsign]{\leq}
                                     
I've deleted a group-closing symbol because it seems to be
spurious, as in `$x}$'. But perhaps the } is legitimate and
you forgot something else, as in `\hbox{$x}'. In such cases
the way to recover is to insert both the forgotten and the
deleted material, e.g., by typing `I$}'.

! Missing $ inserted.
<inserted text> 
                $
l.499 \begin{Operator}[leqsign]{\leq}
                                     
I've inserted a begin-math/end-math symbol since I think
you left one out. Proceed, with fingers crossed.

! Missing } inserted.
<inserted text> 
                }
l.499 \begin{Operator}[leqsign]{\leq}
                                     
I've inserted something that you may have forgotten.
(See the <inserted text> above.)
With luck, this will get me unwedged. But if you
really didn't forget anything, try typing `2' now; then
my insertion and my current dilemma will both disappear.


Overfull \hbox (36.61134pt too wide) in paragraph at lines 517--522
\OT1/cmr/m/n/10 com-par-i-son can only be used in-side pro-gram-ming con-struct
s, such as []if[] ([][]4.34[][])...[]...[]
 []

[62]
Overfull \hbox (36.61134pt too wide) in paragraph at lines 544--550
\OT1/cmr/m/n/10 com-par-i-son can only be used in-side pro-gram-ming con-struct
s, such as []if[] ([][]4.34[][])...[]...[]
 []

[63] [64]
! Missing $ inserted.
<inserted text> 
                $
l.560 \begin{Command}[group]{\ll}
                                 
I've inserted a begin-math/end-math symbol since I think
you left one out. Proceed, with fingers crossed.

! Missing $ inserted.
<inserted text> 
                $
l.560 \begin{Command}[group]{\ll}
                                 
I've inserted a begin-math/end-math symbol since I think
you left one out. Proceed, with fingers crossed.


Package hyperref Warning: Token not allowed in a PDF string (PDFDocEncoding):
(hyperref)                removing `\ll' on input line 560.

! Missing $ inserted.
<inserted text> 
                $
l.560 \begin{Command}[group]{\ll}
                                 
I've inserted a begin-math/end-math symbol since I think
you left one out. Proceed, with fingers crossed.

! Extra }, or forgotten $.
\newitem ...LARGE \bf \sf \uppercase {#3}\hfil #1}
                                                  \nobreak \vskip \newitem@h...
l.560 \begin{Command}[group]{\ll}
                                 
I've deleted a group-closing symbol because it seems to be
spurious, as in `$x}$'. But perhaps the } is legitimate and
you forgot something else, as in `\hbox{$x}'. In such cases
the way to recover is to insert both the forgotten and the
deleted material, e.g., by typing `I$}'.

! Missing $ inserted.
<inserted text> 
                $
l.560 \begin{Command}[group]{\ll}
                                 
I've inserted a begin-math/end-math symbol since I think
you left one out. Proceed, with fingers crossed.

! Missing } inserted.
<inserted text> 
                }
l.560 \begin{Command}[group]{\ll}
                                 
I've inserted something that you may have forgotten.
(See the <inserted text> above.)
With luck, this will get me unwedged. But if you
really didn't forget anything, try typing `2' now; then
my insertion and my current dilemma will both disappear.

[65] [66] [67] [68] [69]
LaTeX Font Info:    Try loading font information for OMS+cmtt on input line 736
.
LaTeX Font Info:    No file OMScmtt.fd. on input line 736.


LaTeX Font Warning: Font shape `OMS/cmtt/m/n' undefined
(Font)              using `OMS/cmsy/m/n' instead
(Font)              for symbol `textbraceleft' on input line 736.

[70] [71] [72] [73] [74]
Underfull \hbox (badness 10000) in paragraph at lines 909--909
[]|\OT1/cmr/m/n/10 expression, state-ment, com-
 []


Underfull \hbox (badness 10000) in paragraph at lines 915--916
[]|\OT1/cmr/m/n/10 expression, state-ment, com-
 []


Underfull \hbox (badness 1975) in paragraph at lines 915--916
\OT1/cmr/m/n/10 mand, []group[] ([][]4.20[][]) or []block[]
 []


Underfull \hbox (badness 10000) in paragraph at lines 919--919
[]|\OT1/cmr/m/n/10 expression, state-ment, com-
 []


Overfull \hbox (1.04428pt too wide) in paragraph at lines 899--924
 [] 
 []

[75] [76] [77] [78] [79] [80] [81] [82] [83] [84] [85] [86] [87] [88] [89]
[90] [91] [92] [93]

LaTeX Warning: Reference `compact' on page 94 undefined on input line 1545.

[94] [95] [96] [97] [98] [99] [100]) (arith.tex [101] [102] [103] [104]
[105] [106] [107] [108] [109] [110] [111] [112] [113] [114]

LaTeX Warning: Reference `gamma' on page 115 undefined on input line 264.

[115] [116] [117] [118]
Overfull \hbox (22.10075pt too wide) in paragraph at lines 367--370
[][] \OT1/cmr/m/n/10 is left as-so-cia-tive. In other words, [] is equiv-a-lent
 to [],
 []

[119] [120] [121] [122] [123] [124] [125] [126] [127] [128] [129] [130]
[131] [132] [133] [134] [135] [136] [137] [138] [139] [140] [141]) (boolean.tex
[142] [143] [144] [145] [146] [147] [148] [149] [150] [151] [152] [153]
[154] [155] [156]) (command.tex [157] [158] [159] [160] [161] [162] [163]
[164] [165] [166] [167] [168] [169] [170]) (algebra.tex [171] [172] [173]
[174] [175] [176] [177]
! Missing \endcsname inserted.
<to be read again> 
                   \protect 
l.115 The variables \nameref{high\_pow}
                                        and \nameref{low\_pow} are set to the
The control sequence marked <to be read again> should
not appear between \csname and \endcsname.


LaTeX Warning: Reference `\textunderscore ' on page 178 undefined on input line
 115.

! Extra \endcsname.
\NR@setref ... \NR@@setref \csname r@#1\endcsname 
                                                  
l.115 The variables \nameref{high\_pow}
                                        and \nameref{low\_pow} are set to the
I'm ignoring this, since I wasn't doing a \csname.

! Missing \endcsname inserted.
<to be read again> 
                   \protect 
l.115 ...nameref{high\_pow} and \nameref{low\_pow}
                                                   are set to the
The control sequence marked <to be read again> should
not appear between \csname and \endcsname.


LaTeX Warning: Reference `\textunderscore ' on page 178 undefined on input line
 115.

! Extra \endcsname.
\NR@setref ... \NR@@setref \csname r@#1\endcsname 
                                                  
l.115 ...nameref{high\_pow} and \nameref{low\_pow}
                                                   are set to the
I'm ignoring this, since I wasn't doing a \csname.

[178] [179] [180] [181]
Overfull \hbox (2.43437pt too wide) in paragraph at lines 205--214
\OT1/cmr/m/n/10 This op-er-a-tor ap-prox-i-mates the real num-ber \OT1/cmr/m/it
/10 num \OT1/cmr/m/n/10 ( []ra-tio-nal[] ([][]12.60[][]) num-ber, []rounded[]
 []

[182] [183] [184]

LaTeX Warning: Reference `mcd' on page 185 undefined on input line 317.

[185] [186]
! Missing \endcsname inserted.
<to be read again> 
                   \protect 
l.382 When a \nameref{root\_of}
                                form in a result of \nameref{solve}
The control sequence marked <to be read again> should
not appear between \csname and \endcsname.


LaTeX Warning: Reference `\textunderscore ' on page 187 undefined on input line
 382.

! Extra \endcsname.
\NR@setref ... \NR@@setref \csname r@#1\endcsname 
                                                  
l.382 When a \nameref{root\_of}
                                form in a result of \nameref{solve}
I'm ignoring this, since I wasn't doing a \csname.

! Missing \endcsname inserted.
<to be read again> 
                   \protect 
l.383 has been converted to a \nameref{one\_of}
                                                form, \name{expand\_cases}
The control sequence marked <to be read again> should
not appear between \csname and \endcsname.


LaTeX Warning: Reference `\textunderscore ' on page 187 undefined on input line
 383.

! Extra \endcsname.
\NR@setref ... \NR@@setref \csname r@#1\endcsname 
                                                  
l.383 has been converted to a \nameref{one\_of}
                                                form, \name{expand\_cases}
I'm ignoring this, since I wasn't doing a \csname.

! Missing \endcsname inserted.
<to be read again> 
                   \protect 
l.385 ...f \nameref{solve}. See \nameref{root\_of}
                                                  .
The control sequence marked <to be read again> should
not appear between \csname and \endcsname.


LaTeX Warning: Reference `\textunderscore ' on page 187 undefined on input line
 385.

! Extra \endcsname.
\NR@setref ... \NR@@setref \csname r@#1\endcsname 
                                                  
l.385 ...f \nameref{solve}. See \nameref{root\_of}
                                                  .
I'm ignoring this, since I wasn't doing a \csname.

[187] [188]
LaTeX Font Info:    Font shape `OMS/cmr/m/n' in size <10> not available
(Font)              Font shape `OMS/cmsy/m/n' tried instead on input line 407.
 [189] [190] [191] [192] [193] [194] [195] [196] [197] [198]
[199] [200] [201] [202] [203] [204] [205] [206] [207] [208] [209]
! Missing \endcsname inserted.
<to be read again> 
                   \protect 
l.985 \nameref{expand\_cases}
                             .  See \nameref{root\_of}.
The control sequence marked <to be read again> should
not appear between \csname and \endcsname.


LaTeX Warning: Reference `\textunderscore ' on page 210 undefined on input line
 985.

! Extra \endcsname.
\NR@setref ... \NR@@setref \csname r@#1\endcsname 
                                                  
l.985 \nameref{expand\_cases}
                             .  See \nameref{root\_of}.
I'm ignoring this, since I wasn't doing a \csname.

! Missing \endcsname inserted.
<to be read again> 
                   \protect 
l.985 ...f{expand\_cases}.  See \nameref{root\_of}
                                                  .
The control sequence marked <to be read again> should
not appear between \csname and \endcsname.


LaTeX Warning: Reference `\textunderscore ' on page 210 undefined on input line
 985.

! Extra \endcsname.
\NR@setref ... \NR@@setref \csname r@#1\endcsname 
                                                  
l.985 ...f{expand\_cases}.  See \nameref{root\_of}
                                                  .
I'm ignoring this, since I wasn't doing a \csname.

[210] [211] [212] [213] [214] [215] [216] [217] [218] [219]
! Missing \endcsname inserted.
<to be read again> 
                   \protect 
l.1299 replaced by an operator \nameref{one\_of}
                                                . At this point it is
The control sequence marked <to be read again> should
not appear between \csname and \endcsname.


LaTeX Warning: Reference `\textunderscore ' on page 220 undefined on input line
 1299.

! Extra \endcsname.
\NR@setref ... \NR@@setref \csname r@#1\endcsname 
                                                  
l.1299 replaced by an operator \nameref{one\_of}
                                                . At this point it is
I'm ignoring this, since I wasn't doing a \csname.

! Missing \endcsname inserted.
<to be read again> 
                   \protect 
l.1302 ...is, the operator \nameref{expand\_cases}
                                                   can be used.
The control sequence marked <to be read again> should
not appear between \csname and \endcsname.


LaTeX Warning: Reference `\textunderscore ' on page 220 undefined on input line
 1302.

! Extra \endcsname.
\NR@setref ... \NR@@setref \csname r@#1\endcsname 
                                                  
l.1302 ...is, the operator \nameref{expand\_cases}
                                                   can be used.
I'm ignoring this, since I wasn't doing a \csname.


LaTeX Warning: Reference `arglength' on page 220 undefined on input line 1313.

[220] [221] [222] [223] [224]
! Missing \endcsname inserted.
<to be read again> 
                   \protect 
l.1471 \nameref{root\_of}
                          expression. The switch \nameref{trigform}
The control sequence marked <to be read again> should
not appear between \csname and \endcsname.


LaTeX Warning: Reference `\textunderscore ' on page 225 undefined on input line
 1471.

! Extra \endcsname.
\NR@setref ... \NR@@setref \csname r@#1\endcsname 
                                                  
l.1471 \nameref{root\_of}
                          expression. The switch \nameref{trigform}
I'm ignoring this, since I wasn't doing a \csname.

! Missing \endcsname inserted.
<to be read again> 
                   \protect 
l.1474 ... variable \nameref{root\_multiplicities}
                                                  .  For systems of
The control sequence marked <to be read again> should
not appear between \csname and \endcsname.


LaTeX Warning: Reference `\textunderscore ' on page 225 undefined on input line
 1474.

! Extra \endcsname.
\NR@setref ... \NR@@setref \csname r@#1\endcsname 
                                                  
l.1474 ... variable \nameref{root\_multiplicities}
                                                  .  For systems of
I'm ignoring this, since I wasn't doing a \csname.

[225]

LaTeX Warning: Reference `roots' on page 226 undefined on input line 1514.

! Missing \endcsname inserted.
<to be read again> 
                   \protect 
l.1515 \item[\nameref{root\_of} operator]
                                         
The control sequence marked <to be read again> should
not appear between \csname and \endcsname.


LaTeX Warning: Reference `\textunderscore ' on page 226 undefined on input line
 1515.

! Extra \endcsname.
\NR@setref ... \NR@@setref \csname r@#1\endcsname 
                                                  
l.1515 \item[\nameref{root\_of} operator]
                                         
I'm ignoring this, since I wasn't doing a \csname.

[226] [227] [228] [229] [230] [231]) (declare.tex [232] [233] [234] [235]
[236] [237] [238] [239] [240] [241] [242] [243] [244] [245] [246] [247]
[248] [249] [250] [251] [252] [253] [254] [255] [256] [257] [258] [259]
[260] [261] [262] [263] [264] [265] [266] [267] [268]
Overfull \hbox (14.5004pt too wide) in paragraph at lines 1017--1023
\OT1/cmr/m/n/10 ([][]9.11[][]), []lin-ear[] ([][]9.15[][]), []sym-met-ric[] ([]
[]9.37[][]), []an-ti-sym-met-ric[] ([][]9.2[][]), or []non-com[] ([][]9.21[][])
[].
 []


Overfull \hbox (14.83386pt too wide) in paragraph at lines 1024--1032
[]\OT1/cmr/m/n/10 Functionality is as-signed to an op-er-a-tor by a []let[] ([]
[]9.14[][]) state-ment or a []forall[] ([][]9.10[][])...[]
 []

[269] [270] [271] [272] [273] [274] [275] [276] [277] [278] [279] [280]
[281] [282] [283] [284] [285] [286] [287] [288] [289] [290]) (io.tex [291]
[292] [293] [294] [295]) (elemfn.tex [296] [297] [298] [299] [300] [301]
[302] [303] [304] [305] [306] [307] [308] [309] [310] [311] [312] [313]
[314] [315] [316] [317] [318] [319] [320] [321] [322] [323]) (switch.tex
[324] [325] [326] [327] [328] [329] [330] [331]
! Missing \endcsname inserted.
<to be read again> 
                   \protect 
l.122 ...otation if \nameref{SCIENTIFIC\_NOTATION}
                                                  
The control sequence marked <to be read again> should
not appear between \csname and \endcsname.


LaTeX Warning: Reference `\textunderscore ' on page 332 undefined on input line
 122.

! Extra \endcsname.
\NR@setref ... \NR@@setref \csname r@#1\endcsname 
                                                  
l.122 ...otation if \nameref{SCIENTIFIC\_NOTATION}
                                                  
I'm ignoring this, since I wasn't doing a \csname.


Overfull \hbox (78.70068pt too wide) in paragraph at lines 121--127
\OT1/cmr/m/n/10 point or in sci-en-tific no-ta-tion if []SCI-EN-TIFIC[]NOTATION
[] ([]NOTATIONSCIENTIFIC[]NOTATION
 []

[332] [333] [334] [335] [336] [337] [338]

LaTeX Warning: Reference `output' on page 339 undefined on input line 326.

[339] [340] [341] [342] [343] [344] [345] [346] [347] [348] [349] [350]
[351] [352] [353] [354] [355]
! Missing \endcsname inserted.
<to be read again> 
                   \protect 
l.769 See also \nameref{scientific_notation}
                                            .
The control sequence marked <to be read again> should
not appear between \csname and \endcsname.


LaTeX Warning: Reference `\textunderscore ' on page 356 undefined on input line
 769.

! Extra \endcsname.
\NR@setref ... \NR@@setref \csname r@#1\endcsname 
                                                  
l.769 See also \nameref{scientific_notation}
                                            .
I'm ignoring this, since I wasn't doing a \csname.


! LaTeX Error: \begin{Comments} on input line 765 ended by \end{Switch}.

See the LaTeX manual or LaTeX Companion for explanation.
Type  H <return>  for immediate help.
 ...                                              
                                                  
l.771 \end{Switch}
                  
Your command was ignored.
Type  I <command> <return>  to replace it with another command,
or  <return>  to continue without it.

[356]
! Missing \endcsname inserted.
<to be read again> 
                   \protect 
l.780 are built using \nameref{root\_of}
                                        . Default is \name{off}.
The control sequence marked <to be read again> should
not appear between \csname and \endcsname.


LaTeX Warning: Reference `\textunderscore ' on page 357 undefined on input line
 780.

! Extra \endcsname.
\NR@setref ... \NR@@setref \csname r@#1\endcsname 
                                                  
l.780 are built using \nameref{root\_of}
                                        . Default is \name{off}.
I'm ignoring this, since I wasn't doing a \csname.

[357] [358] [359] [360] [361] [362] [363] [364] [365] [366] [367] [368]
[369] [370]
! Missing \endcsname inserted.
<to be read again> 
                   \protect 
l.1071 \nameref{balanced\_mod}
                              .
The control sequence marked <to be read again> should
not appear between \csname and \endcsname.


LaTeX Warning: Reference `\textunderscore ' on page 371 undefined on input line
 1071.

! Extra \endcsname.
\NR@setref ... \NR@@setref \csname r@#1\endcsname 
                                                  
l.1071 \nameref{balanced\_mod}
                              .
I'm ignoring this, since I wasn't doing a \csname.


! LaTeX Error: \begin{Comments} on input line 1063 ended by \end{Switch}.

See the LaTeX manual or LaTeX Companion for explanation.
Type  H <return>  for immediate help.
 ...                                              
                                                  
l.1073 \end{Switch}
                   
Your command was ignored.
Type  I <command> <return>  to replace it with another command,
or  <return>  to continue without it.

[371] [372]
! Missing \endcsname inserted.
<to be read again> 
                   \protect 
l.1092 \nameref{root\_multiplicities}
                                      rather than the solution list.  If you...
The control sequence marked <to be read again> should
not appear between \csname and \endcsname.


LaTeX Warning: Reference `\textunderscore ' on page 373 undefined on input line
 1092.

! Extra \endcsname.
\NR@setref ... \NR@@setref \csname r@#1\endcsname 
                                                  
l.1092 \nameref{root\_multiplicities}
                                      rather than the solution list.  If you...
I'm ignoring this, since I wasn't doing a \csname.


Overfull \hbox (96.03418pt too wide) in paragraph at lines 1090--1095
\OT1/cmr/m/n/10 plic-i-ties are nor-mally stored in the global vari-able []root
[]multiplicities[] ([]multiplicitiesroot[]multiplicitiesher
 []

[373] [374] [375] [376] [377] [378] [379] [380] [381] [382] [383] [384]
[385] [386] [387] [388] [389] [390] [391] [392] [393] [394]

LaTeX Warning: Reference `roots' on page 395 undefined on input line 1532.

[395] [396] [397] [398] [399] [400] [401] [402] [403]
! Missing \endcsname inserted.
<to be read again> 
                   \protect 
l.1722 ...explicit call of \nameref{load\_package}
                                                  ).  The \nameref{out}
The control sequence marked <to be read again> should
not appear between \csname and \endcsname.


LaTeX Warning: Reference `\textunderscore ' on page 404 undefined on input line
 1722.

! Extra \endcsname.
\NR@setref ... \NR@@setref \csname r@#1\endcsname 
                                                  
l.1722 ...explicit call of \nameref{load\_package}
                                                  ).  The \nameref{out}
I'm ignoring this, since I wasn't doing a \csname.

[404]) (matrix.tex [405] [406] [407] [408] [409] [410] [411] [412] [413]
[414] [415] [416] [417]) (pk-groeb.tex [418] [419]
Overfull \hbox (22.42819pt too wide) in paragraph at lines 4--11
\OT1/cmr/m/n/10 The GROEB-NER pack-age cal-cu-lates [][][] us-ing the [][][]
 []


Overfull \hbox (137.60905pt too wide) in paragraph at lines 4--11
\OT1/cmr/m/n/10 tients, Hilbert poly-no-mi-als ([][][]), ba-sis con-ver-sion ( 
[][][]),
 []


LaTeX Warning: Reference `ideal parameters' on page 420 undefined on input line
 22.

[420]

LaTeX Warning: Reference `term order' on page 421 undefined on input line 53.

[421] [422] [423]

LaTeX Warning: Reference `term order' on page 424 undefined on input line 93.

! Missing \endcsname inserted.
<to be read again> 
                   \protect 
l.122 \nameref{torder_compile}
                              .
The control sequence marked <to be read again> should
not appear between \csname and \endcsname.

! Extra \endcsname.
\NR@setref ... \NR@@setref \csname r@#1\endcsname 
                                                  
l.122 \nameref{torder_compile}
                              .
I'm ignoring this, since I wasn't doing a \csname.

! Missing \endcsname inserted.
<to be read again> 
                   \protect 
l.130 \nameref{torder_compile}
                              .
The control sequence marked <to be read again> should
not appear between \csname and \endcsname.

! Extra \endcsname.
\NR@setref ... \NR@@setref \csname r@#1\endcsname 
                                                  
l.130 \nameref{torder_compile}
                              .
I'm ignoring this, since I wasn't doing a \csname.

[424] [425] [426] [427] [428] [429] [430] [431] [432] [433] [434]
! Missing \endcsname inserted.
<to be read again> 
                   \protect 
l.265 ... explicitly, see \nameref{torder_compile}
                                                  .
The control sequence marked <to be read again> should
not appear between \csname and \endcsname.

! Extra \endcsname.
\NR@setref ... \NR@@setref \csname r@#1\endcsname 
                                                  
l.265 ... explicitly, see \nameref{torder_compile}
                                                  .
I'm ignoring this, since I wasn't doing a \csname.


Overfull \hbox (7.39587pt too wide) in paragraph at lines 263--269
\OT1/cmr/m/n/10 gram for faster ex-e-cu-tion. A ma-trix can also be com-piled e
x-plic-itly, see []torder[]compile[]
 []

[435] [436]
Overfull \hbox (0.23633pt too wide) in paragraph at lines 298--305
[]\OT1/cmr/m/n/10 The op-er-a-tor [] im-ple-ments the Buch-berger al-go-rithm f
or com-put-ing Groeb-
 []

[437]

LaTeX Warning: Reference `lex' on page 438 undefined on input line 329.


LaTeX Warning: Reference `graded' on page 438 undefined on input line 330.


LaTeX Warning: Reference `weighted' on page 438 undefined on input line 330.


LaTeX Warning: Reference `graded' on page 438 undefined on input line 335.


LaTeX Warning: Reference `weighted' on page 438 undefined on input line 335.


LaTeX Warning: Reference `kex' on page 438 undefined on input line 339.


LaTeX Warning: Reference `lex' on page 438 undefined on input line 351.

[438] [439] [440] [441] [442] [443] [444] [445] [446] [447] [448]

LaTeX Warning: Reference `term order' on page 449 undefined on input line 460.


LaTeX Warning: Reference `ideal parameters' on page 449 undefined on input line
 461.

[449]

LaTeX Warning: Reference `ideal parameters' on page 450 undefined on input line
 479.

! Missing \endcsname inserted.
<to be read again> 
                   \protect 
l.484 see \nameref{gindependent\_sets}
                                      
The control sequence marked <to be read again> should
not appear between \csname and \endcsname.


LaTeX Warning: Reference `\textunderscore ' on page 450 undefined on input line
 484.

! Extra \endcsname.
\NR@setref ... \NR@@setref \csname r@#1\endcsname 
                                                  
l.484 see \nameref{gindependent\_sets}
                                      
I'm ignoring this, since I wasn't doing a \csname.

[450]

LaTeX Warning: Reference `ideal parameters' on page 451 undefined on input line
 500.

[451] [452]

LaTeX Warning: Reference `ideal parameters' on page 453 undefined on input line
 547.

[453] [454]

LaTeX Warning: Reference `term order' on page 455 undefined on input line 607.

[455] [456]

LaTeX Warning: Reference `term order' on page 457 undefined on input line 642.

[457] [458] [459] [460] [461] [462] [463]
Overfull \hbox (4.83394pt too wide) in paragraph at lines 778--784
\OT1/cmr/m/n/10 and []groeb-ner[] ([][]14.19[][]) are col-lected in a list whic
h is as-signed to the vari-able []groebprot-
 []

[464] [465] [466] [467] [468]

LaTeX Warning: Reference `module' on page 469 undefined on input line 854.

[469]

LaTeX Warning: Reference `term order' on page 470 undefined on input line 889.

[470]

LaTeX Warning: Reference `term order' on page 471 undefined on input line 909.

[471]) (hephys.tex [472] [473] [474]

LaTeX Warning: Reference `index' on page 475 undefined on input line 45.

[475]

LaTeX Warning: Reference `index' on page 476 undefined on input line 81.

[476] [477]

LaTeX Warning: Reference `nospur' on page 478 undefined on input line 137.


LaTeX Warning: Reference `spur' on page 478 undefined on input line 138.

[478]

LaTeX Warning: Reference `eps' on page 479 undefined on input line 168.


LaTeX Warning: Reference `remind' on page 479 undefined on input line 171.

[479]

LaTeX Warning: Reference `mshell' on page 480 undefined on input line 197.

[480]

LaTeX Warning: Reference `mass' on page 481 undefined on input line 211.

[481]

LaTeX Warning: Reference `spur' on page 482 undefined on input line 250.

[482]

LaTeX Warning: Reference `index' on page 483 undefined on input line 257.


LaTeX Warning: Reference `index' on page 483 undefined on input line 263.

[483]

LaTeX Warning: Reference `nospur' on page 484 undefined on input line 269.

[484]

LaTeX Warning: Reference `eps' on page 485 undefined on input line 292.

[485]

LaTeX Warning: Reference `eps' on page 486 undefined on input line 314.


LaTeX Warning: Reference `g' on page 486 undefined on input line 314.

[486]

LaTeX Warning: Reference `mshell' on page 487 undefined on input line 352.

) (pk-numer.tex [487] [488] [489] [490] [491]
Overfull \hbox (41.04578pt too wide) in paragraph at lines 46--51
\OT1/cmr/m/n/10 er-a-tion. In cases of an un-suc-cess-ful or un-ex-pected long 
op-er-a-tion a []
 []

[492]
Overfull \hbox (6.5994pt too wide) in paragraph at lines 72--75
[][]$\OT1/cmr/m/n/12 (\OML/cmm/m/it/12 exp; \OMS/cmtt/m/n/12 f[][]\OT1/cmr/m/n/
12 [= [][]][\OML/cmm/m/it/12 ; [][]\OT1/cmr/m/n/12 [= [][]]\OML/cmm/m/it/12 :::
\OT1/cmr/m/n/12 ]\OMS/cmtt/m/n/12 g\OT1/cmr/m/n/12 [\OML/cmm/m/it/12 ; accuracy
 \OT1/cmr/m/n/12 = [][]][\OML/cmm/m/it/12 ; iterations \OT1/cmr/m/n/12 =
 []

[493]
Overfull \hbox (55.05447pt too wide) in paragraph at lines 117--119
[][]$\OT1/cmr/m/n/12 (\OMS/cmtt/m/n/12 f[][]\OML/cmm/m/it/12 ; :::; [][]\OMS/cm
tt/m/n/12 g\OML/cmm/m/it/12 ; [][]\OT1/cmr/m/n/12 [= [][]]\OML/cmm/m/it/12 ; ::
:; [][]\OT1/cmr/m/n/12 [= [][]][\OML/cmm/m/it/12 ; accuracy \OT1/cmr/m/n/12 = [
][]][\OML/cmm/m/it/12 ; iterations \OT1/cmr/m/n/12 =
 []


Overfull \hbox (67.0545pt too wide) in paragraph at lines 122--124
[][]$\OT1/cmr/m/n/12 (\OMS/cmtt/m/n/12 f[][]\OML/cmm/m/it/12 ; :::; [][]\OMS/cm
tt/m/n/12 g\OML/cmm/m/it/12 ; \OMS/cmtt/m/n/12 f[][]\OT1/cmr/m/n/12 [= [][]]\OM
L/cmm/m/it/12 ; :::; [][]\OT1/cmr/m/n/12 [= [][]]\OMS/cmtt/m/n/12 g\OT1/cmr/m/n
/12 [\OML/cmm/m/it/12 ; accuracy \OT1/cmr/m/n/12 = [][]][\OML/cmm/m/it/12 ; ite
rations \OT1/cmr/m/n/12 =
 []

[494]
Overfull \hbox (24.04616pt too wide) in paragraph at lines 178--181
[][]$\OT1/cmr/m/n/12 ([][]\OML/cmm/m/it/12 ; [][] \OT1/cmr/m/n/12 =$(\OT1/cmr/m
/it/12 l \OT1/cmr/m/n/12 .. \OT1/cmr/m/it/12 u\OT1/cmr/m/n/12 )$[\OML/cmm/m/it/
12 ; [][] \OT1/cmr/m/n/12 =$(\OT1/cmr/m/it/12 l \OT1/cmr/m/n/12 .. \OT1/cmr/m/i
t/12 u\OT1/cmr/m/n/12 )$\OML/cmm/m/it/12 ; :::\OT1/cmr/m/n/12 ][\OML/cmm/m/it/1
2 ; accuracy \OT1/cmr/m/n/12 = [][]][\OML/cmm/m/it/12 ; iterations \OT1/cmr/m/n
/12 =
 []

[495]
Overfull \hbox (47.60815pt too wide) in paragraph at lines 207--211
[][]$\OT1/cmr/m/n/12 (\OMS/cmtt/m/n/12 f[][]\OML/cmm/m/it/12 ; [][]; :::\OMS/cm
tt/m/n/12 g\OML/cmm/m/it/12 ; \OMS/cmtt/m/n/12 f[][] \OT1/cmr/m/n/12 = [][]\OML
/cmm/m/it/12 ; [][] \OT1/cmr/m/n/12 = [][]\OML/cmm/m/it/12 ; :::\OMS/cmtt/m/n/1
2 g[][] \OT1/cmr/m/n/12 =$(\OT1/cmr/m/it/12 from
 []

[496] [497]

LaTeX Warning: Reference `interval' on page 498 undefined on input line 255.


LaTeX Warning: Reference `interval' on page 498 undefined on input line 283.


LaTeX Warning: Reference `interval' on page 498 undefined on input line 286.

[498]

LaTeX Warning: Reference `interval' on page 499 undefined on input line 336.

[499] [500]) (pk-roots.tex [501] [502] [503]

LaTeX Warning: Reference `roots' on page 504 undefined on input line 31.

[504]

LaTeX Warning: Reference `rootacc' on page 505 undefined on input line 67.

[505]

LaTeX Warning: Reference `rootacc' on page 506 undefined on input line 97.

[506] [507]

LaTeX Warning: Reference `rootsreal' on page 508 undefined on input line 129.


LaTeX Warning: Reference `rootscomplex' on page 508 undefined on input line 129
.


LaTeX Warning: Reference `rootacc' on page 508 undefined on input line 141.

[508] [509]

LaTeX Warning: Reference `roots' on page 510 undefined on input line 169.

[510]

LaTeX Warning: Reference `roots' on page 511 undefined on input line 177.

) (pk-specf.tex [511] [512]
Underfull \hbox (badness 10000) in paragraph at lines 4--9

 []


Underfull \hbox (badness 10000) in paragraph at lines 4--9

 []


Underfull \hbox (badness 10000) in paragraph at lines 10--14

 []


Underfull \hbox (badness 10000) in paragraph at lines 10--14

 []


Underfull \hbox (badness 10000) in paragraph at lines 15--22

 []


Underfull \hbox (badness 10000) in paragraph at lines 15--22

 []


Underfull \hbox (badness 10000) in paragraph at lines 23--28

 []


Underfull \hbox (badness 10000) in paragraph at lines 23--28

 []


Underfull \hbox (badness 10000) in paragraph at lines 29--35

 []


Underfull \hbox (badness 10000) in paragraph at lines 29--35

 []


Underfull \hbox (badness 10000) in paragraph at lines 36--44

 []


Underfull \hbox (badness 10000) in paragraph at lines 36--44

 []

[513]
Underfull \hbox (badness 10000) in paragraph at lines 45--49

 []


Underfull \hbox (badness 10000) in paragraph at lines 45--49

 []


LaTeX Warning: Reference `hypergeometric' on page 514 undefined on input line 5
4.

[514]

LaTeX Warning: Reference `Psi' on page 515 undefined on input line 68.

[515] [516] [517] [518] [519] [520] [521] [522] [523] [524] [525] [526]
[527] [528]

LaTeX Warning: Reference `hypergeometric' on page 529 undefined on input line 3
41.

[529]

LaTeX Warning: Reference `hypergeometric' on page 530 undefined on input line 3
59.

[530]

LaTeX Warning: Reference `hypergeometric' on page 531 undefined on input line 3
77.

[531] [532] [533] [534] [535] [536] [537] [538] [539] [540] [541] [542]
[543] [544] [545] [546] [547] [548] [549] [550] [551] [552] [553] [554]
[555]

LaTeX Warning: Reference `Zeta' on page 556 undefined on input line 812.

[556] [557] [558] [559] [560] [561] [562] [563] [564] [565] [566]
Underfull \hbox (badness 10000) in paragraph at lines 1059--1063

 []

[567]
Underfull \hbox (badness 10000) in paragraph at lines 1067--1074

 []


Underfull \hbox (badness 10000) in paragraph at lines 1067--1074

 []


Underfull \hbox (badness 10000) in paragraph at lines 1087--1091

 []

[568] [569] [570]
Overfull \hbox (52.47359pt too wide) in paragraph at lines 1134--1136
[][]$\OT1/cmr/m/n/12 ([][]\OML/cmm/m/it/12 ; [][]; [][]; [][]; [][]; [][]\OT1/c
mr/m/n/12 )$ 
 []

[571] [572] [573] [574]

LaTeX Warning: Reference `SI' on page 575 undefined on input line 1229.

[575] [576] [577]
Underfull \hbox (badness 10000) in paragraph at lines 1277--1282

 []


Underfull \hbox (badness 10000) in paragraph at lines 1277--1282

 []

[578]
Underfull \hbox (badness 10000) in paragraph at lines 1300--1304

 []


Underfull \hbox (badness 10000) in paragraph at lines 1300--1304

 []

[579] [580] [581] [582] [583] [584] [585] [586]

LaTeX Warning: Reference `Threejsymbol' on page 587 undefined on input line 146
8.

[587]

LaTeX Warning: Reference `ineq' on page 588 undefined on input line 1496.

[588] [589]

LaTeX Warning: Reference `hypergeometric' on page 590 undefined on input line 1
533.

[590]
Underfull \hbox (badness 10000) in paragraph at lines 1566--1567

 []


LaTeX Warning: Reference `hypergeometric' on page 591 undefined on input line 1
577.

[591]

LaTeX Warning: Reference `hypergeometric' on page 592 undefined on input line 1
596.

) (taylor.tex [592] [593] [594] [595] [596] [597] [598] [599] [600] [601]
[602] [603] [604] [605] [606] [607]
Overfull \hbox (13.92288pt too wide) in paragraph at lines 281--283
[][]$\OT1/cmr/m/n/12 ([][])$ or [] \OT1/cmr/m/it/12 sim-ple[]expression 
 []

) (pk-gplot.tex [608] [609] [610] [611] [612]

LaTeX Warning: Reference `pointset' on page 613 undefined on input line 96.


LaTeX Warning: Reference `interval' on page 613 undefined on input line 103.

[613]

LaTeX Warning: Reference `plotrefine' on page 614 undefined on input line 151.

! Missing \endcsname inserted.
<to be read again> 
                   \protect 
l.152 \nameref{plot_xmesh}
                          , \nameref{plot_ymesh}, \nameref{trplot},
The control sequence marked <to be read again> should
not appear between \csname and \endcsname.


LaTeX Warning: Reference `\textunderscore ' on page 614 undefined on input line
 152.

! Extra \endcsname.
\NR@setref ... \NR@@setref \csname r@#1\endcsname 
                                                  
l.152 \nameref{plot_xmesh}
                          , \nameref{plot_ymesh}, \nameref{trplot},
I'm ignoring this, since I wasn't doing a \csname.


LaTeX Warning: Reference `trplot' on page 614 undefined on input line 152.


LaTeX Warning: Reference `plotkeep' on page 614 undefined on input line 153.

! Missing \endcsname inserted.
<to be read again> 
                   \protect 
l.153 \nameref{plotkeep}, \nameref{show_grid}
                                             .
The control sequence marked <to be read again> should
not appear between \csname and \endcsname.


LaTeX Warning: Reference `\textunderscore ' on page 614 undefined on input line
 153.

! Extra \endcsname.
\NR@setref ... \NR@@setref \csname r@#1\endcsname 
                                                  
l.153 \nameref{plotkeep}, \nameref{show_grid}
                                             .
I'm ignoring this, since I wasn't doing a \csname.


Overfull \hbox (30.11713pt too wide) in paragraph at lines 150--156
[]\OT1/cmr/m/n/10 Additional con-trol of the [] op-er-a-tion: []plotre-fine[] (
[]), []plot[]xmesh[] ([]xmeshplot[]xmesh,
 []

[614]

LaTeX Warning: Reference `plot' on page 615 undefined on input line 159.

[615]

LaTeX Warning: Reference `plot' on page 616 undefined on input line 170.

[616]

LaTeX Warning: Reference `plot' on page 617 undefined on input line 183.


LaTeX Warning: Reference `axes names' on page 617 undefined on input line 184.

[617]

LaTeX Warning: Reference `plot' on page 618 undefined on input line 196.


LaTeX Warning: Reference `axes names' on page 618 undefined on input line 197.

[618]

LaTeX Warning: Reference `plot' on page 619 undefined on input line 209.


LaTeX Warning: Reference `axes names' on page 619 undefined on input line 210.

[619]

LaTeX Warning: Reference `plot' on page 620 undefined on input line 222.

[620]

LaTeX Warning: Reference `plot' on page 621 undefined on input line 237.

[621]

LaTeX Warning: Reference `plot' on page 622 undefined on input line 253.


LaTeX Warning: Reference `axes names' on page 622 undefined on input line 255.

[622]

LaTeX Warning: Reference `plot' on page 623 undefined on input line 269.


LaTeX Warning: Reference `plot' on page 623 undefined on input line 270.


LaTeX Warning: Reference `axes names' on page 623 undefined on input line 272.

[623]

LaTeX Warning: Reference `plot' on page 624 undefined on input line 280.


LaTeX Warning: Reference `plot' on page 624 undefined on input line 281.

[624]

LaTeX Warning: Reference `plot' on page 625 undefined on input line 290.


LaTeX Warning: Reference `plot' on page 625 undefined on input line 291.

[625] [626]

LaTeX Warning: Reference `plot' on page 627 undefined on input line 308.

! Missing \endcsname inserted.
<to be read again> 
                   \protect 
l.314 ...he basic points (see \nameref{plot_xmesh}
                                                  ,
The control sequence marked <to be read again> should
not appear between \csname and \endcsname.


LaTeX Warning: Reference `\textunderscore ' on page 627 undefined on input line
 314.

! Extra \endcsname.
\NR@setref ... \NR@@setref \csname r@#1\endcsname 
                                                  
l.314 ...he basic points (see \nameref{plot_xmesh}
                                                  ,
I'm ignoring this, since I wasn't doing a \csname.

[627]

LaTeX Warning: Reference `axes names' on page 628 undefined on input line 322.


LaTeX Warning: Reference `plot' on page 628 undefined on input line 322.


LaTeX Warning: Reference `plotrefine' on page 628 undefined on input line 323.

[628]

LaTeX Warning: Reference `plot' on page 629 undefined on input line 331.


LaTeX Warning: Reference `axes names' on page 629 undefined on input line 332.

[629]

LaTeX Warning: Reference `plot' on page 630 undefined on input line 338.

! Missing \endcsname inserted.
<to be read again> 
                   \protect 
l.340 ... plane controlled by \nameref{plot_xmesh}
                                                  . The grid is
The control sequence marked <to be read again> should
not appear between \csname and \endcsname.


LaTeX Warning: Reference `\textunderscore ' on page 630 undefined on input line
 340.

! Extra \endcsname.
\NR@setref ... \NR@@setref \csname r@#1\endcsname 
                                                  
l.340 ... plane controlled by \nameref{plot_xmesh}
                                                  . The grid is
I'm ignoring this, since I wasn't doing a \csname.

[630]) (linalg.tex [631] [632] [633] [634] [635] [636] [637]
Overfull \hbox (11.00282pt too wide) in paragraph at lines 163--166
[]\OT1/cmr/m/n/10 The Op-er-a-tor [] re-places col-umn \OT1/cmr/m/it/10 c2 \OT1
/cmr/m/n/10 of \OT1/cmr/m/it/10 ma-trix \OT1/cmr/m/n/10 by \OT1/cmr/m/it/10 exp
r \OT1/cmr/m/n/10 * col-umn(\OT1/cmr/m/it/10 matrix\OT1/cmr/m/n/10 ,\OT1/cmr/m/
it/10 c1\OT1/cmr/m/n/10 )
 []

[638] [639] [640] [641] [642] [643] [644] [645] [646] [647] [648] [649]
[650] [651] [652] [653] [654] [655] [656] [657] [658] [659] [660] [661]
[662] [663] [664] [665] [666] [667] [668] [669] [670] [671] [672] [673]
[674] [675] [676] [677] [678] [679] [680] [681] [682] [683] [684] [685]
[686] [687] [688] [689] [690] [691]) (normform.tex [692] [693] [694] [695]

LaTeX Warning: Reference `arnum' on page 696 undefined on input line 83.

[696] [697] [698] [699]

LaTeX Warning: Reference `arnum' on page 700 undefined on input line 229.

[700] [701]) (pk-misc.tex [702] [703] [704]
! Missing \endcsname inserted.
<to be read again> 
                   \protect 
l.15 ...ce} directory.  The \nameref{load_package}
                                                   command is used to
The control sequence marked <to be read again> should
not appear between \csname and \endcsname.


LaTeX Warning: Reference `\textunderscore ' on page 705 undefined on input line
 15.

! Extra \endcsname.
\NR@setref ... \NR@@setref \csname r@#1\endcsname 
                                                  
l.15 ...ce} directory.  The \nameref{load_package}
                                                   command is used to
I'm ignoring this, since I wasn't doing a \csname.

[705]
Underfull \hbox (badness 10000) in paragraph at lines 30--31

 []

[706]
Underfull \hbox (badness 10000) in paragraph at lines 45--46

 []

[707]
Underfull \hbox (badness 10000) in paragraph at lines 53--54

 []

[708]
Underfull \hbox (badness 10000) in paragraph at lines 64--65

 []

[709]
Underfull \hbox (badness 10000) in paragraph at lines 74--75

 []

[710]
Underfull \hbox (badness 10000) in paragraph at lines 86--87

 []

[711]
Underfull \hbox (badness 10000) in paragraph at lines 98--99

 []

[712]
Underfull \hbox (badness 10000) in paragraph at lines 109--110

 []

[713]
Underfull \hbox (badness 10000) in paragraph at lines 116--117

 []

[714]
Underfull \hbox (badness 10000) in paragraph at lines 124--125

 []

[715]
Underfull \hbox (badness 10000) in paragraph at lines 157--158

 []

[716]
Underfull \hbox (badness 10000) in paragraph at lines 168--169

 []

[717]
Underfull \hbox (badness 10000) in paragraph at lines 177--178

 []

[718]
Underfull \hbox (badness 10000) in paragraph at lines 186--187

 []

[719]
Underfull \hbox (badness 10000) in paragraph at lines 196--197

 []

[720]
Underfull \hbox (badness 10000) in paragraph at lines 205--206

 []

[721]
Underfull \hbox (badness 10000) in paragraph at lines 217--218

 []

[722]
Underfull \hbox (badness 10000) in paragraph at lines 230--231

 []

[723]
Underfull \hbox (badness 10000) in paragraph at lines 237--238

 []

[724]
Underfull \hbox (badness 10000) in paragraph at lines 251--252

 []

[725]
Underfull \hbox (badness 10000) in paragraph at lines 267--268

 []

[726]
Underfull \hbox (badness 10000) in paragraph at lines 277--278

 []

[727]
Underfull \hbox (badness 10000) in paragraph at lines 284--285

 []

[728]
Underfull \hbox (badness 10000) in paragraph at lines 296--297

 []

[729]
Underfull \hbox (badness 10000) in paragraph at lines 303--304

 []

[730]
Underfull \hbox (badness 10000) in paragraph at lines 314--315

 []

[731]
Underfull \hbox (badness 10000) in paragraph at lines 335--336

 []

[732]
Underfull \hbox (badness 10000) in paragraph at lines 347--348

 []

[733]
Underfull \hbox (badness 10000) in paragraph at lines 357--358

 []

[734]
Underfull \hbox (badness 10000) in paragraph at lines 369--370

 []

[735]
Underfull \hbox (badness 10000) in paragraph at lines 379--380

 []

[736]
Underfull \hbox (badness 10000) in paragraph at lines 388--389

 []

[737]
Underfull \hbox (badness 10000) in paragraph at lines 396--397

 []

[738]
Underfull \hbox (badness 10000) in paragraph at lines 407--408

 []

[739]
Underfull \hbox (badness 10000) in paragraph at lines 415--416

 []

[740]
Underfull \hbox (badness 10000) in paragraph at lines 429--430

 []

[741]
Underfull \hbox (badness 10000) in paragraph at lines 439--440

 []

[742]
Underfull \hbox (badness 10000) in paragraph at lines 448--449

 []

[743]
Underfull \hbox (badness 10000) in paragraph at lines 458--459

 []

[744]
Underfull \hbox (badness 10000) in paragraph at lines 469--470

 []

[745]
Underfull \hbox (badness 10000) in paragraph at lines 486--487

 []

[746] [747]
Underfull \hbox (badness 10000) in paragraph at lines 511--512

 []

[748]
Underfull \hbox (badness 10000) in paragraph at lines 519--520

 []

[749]
Underfull \hbox (badness 10000) in paragraph at lines 532--533

 []


Overfull \hbox (8.88855pt too wide) in paragraph at lines 534--539
\OT1/cmr/m/n/10 work-ing di-rectly from ``A Zero Struc-ture The-o-rem for Polyn
omial-Equations-Solving,''
 []

[750]
Underfull \hbox (badness 10000) in paragraph at lines 542--543

 []

[751]
Underfull \hbox (badness 10000) in paragraph at lines 554--555

 []

) (symbolic.tex [752] [753] [754] [755]

LaTeX Warning: Reference `eq' on page 756 undefined on input line 45.

) (outmode.tex [756] [757] [758] [759] [760] [761] [762] [763]) (guide.tex
[764]
LaTeX Font Info:    External font `cmex10' loaded for size
(Font)              <9> on input line 12.
 [765] [766]
Overfull \hbox (5.71954pt too wide) in paragraph at lines 140--143
[]\OT1/cmr/bx/n/10 Declaration\OT1/cmr/m/n/10 : de-scrip-tion of a dec-la-ra-ti
on type syn-tax ex-ten-sion. [][]\OT1/cmtt/m/n/10 <node-name>
 []

[767] [768] [769] [770] [771]) (help.tex [772]
Overfull \hbox (20.72513pt too wide) in paragraph at lines 56--59
[]\OT1/cmr/m/n/10 This is sim-i-lar to an [][]\OT1/cmtt/m/n/10 itemize []\OT1/c
mr/m/n/10 en-vi-ron-ment. Ev-ery en-try starts with a [][]\OT1/cmtt/m/n/10 \ite
m[[]\OT1/cmr/m/it/10 name[][]\OT1/cmtt/m/n/10 ]
 []

[773]) (rdebug.tex [774]

! LaTeX Error: \begin{Command} on input line 66 ended by \end{Introduction}.

See the LaTeX manual or LaTeX Companion for explanation.
Type  H <return>  for immediate help.
 ...                                              
                                                  
l.33 \end{Introduction}
                       
Your command was ignored.
Type  I <command> <return>  to replace it with another command,
or  <return>  to continue without it.

[775] [776] [777] [778] [779] [780] [781] [782] [783] [784] [785] [786]
[787] [788] [789] [790] [791] [792]

! LaTeX Error: \begin{Syntax} on input line 377 ended by \end{syntax}.

See the LaTeX manual or LaTeX Companion for explanation.
Type  H <return>  for immediate help.
 ...                                              
                                                  
l.379 \end{syntax}
                  
Your command was ignored.
Type  I <command> <return>  to replace it with another command,
or  <return>  to continue without it.

) [793] (redhelp.ind
! Missing $ inserted.
<inserted text> 
                $
l.15   \item \Rightarrow
                         , \hyperpage{53}
I've inserted a begin-math/end-math symbol since I think
you left one out. Proceed, with fingers crossed.

! Missing $ inserted.
<inserted text> 
                $
l.16   \item
             \geq , \hyperpage{60}
I've inserted a begin-math/end-math symbol since I think
you left one out. Proceed, with fingers crossed.

! Missing $ inserted.
<inserted text> 
                $
l.16   \item \geq
                  , \hyperpage{60}
I've inserted a begin-math/end-math symbol since I think
you left one out. Proceed, with fingers crossed.

! Missing $ inserted.
<inserted text> 
                $
l.17   \item
             \leq , \hyperpage{62}
I've inserted a begin-math/end-math symbol since I think
you left one out. Proceed, with fingers crossed.

! Missing $ inserted.
<inserted text> 
                $
l.17   \item \leq
                  , \hyperpage{62}
I've inserted a begin-math/end-math symbol since I think
you left one out. Proceed, with fingers crossed.

! Missing $ inserted.
<inserted text> 
                $
l.18   \item
             \ll , \hyperpage{65}
I've inserted a begin-math/end-math symbol since I think
you left one out. Proceed, with fingers crossed.

! Missing $ inserted.
<inserted text> 
                $
l.18   \item \ll
                 , \hyperpage{65}
I've inserted a begin-math/end-math symbol since I think
you left one out. Proceed, with fingers crossed.

! Missing $ inserted.
<inserted text> 
                $
l.19   \item
             \textasciicircum , \hyperpage{59}
I've inserted a begin-math/end-math symbol since I think
you left one out. Proceed, with fingers crossed.

[794


]
! Missing $ inserted.
<inserted text> 
                $
l.154     \subitem \ll
                       , \hyperpage{65}
I've inserted a begin-math/end-math symbol since I think
you left one out. Proceed, with fingers crossed.

! Missing $ inserted.
<inserted text> 
                $
l.155     \subitem
                   ALGEBRAIC, \hyperpage{235}
I've inserted a begin-math/end-math symbol since I think
you left one out. Proceed, with fingers crossed.

[795]
Overfull \hbox (2.22261pt too wide) in paragraph at lines 238--239
[]\OT1/cmr/m/n/10 Confluent Hy-per-ge-o-met-ric func-tion, [][]529[][]--
 []

[796] [797] [798]
Overfull \hbox (0.86147pt too wide) in paragraph at lines 461--462
[]\OT1/cmr/m/n/10 generalized hy-per-ge-o-met-ric func-tion, [][]589[][] 
 []

[799] [800]
Overfull \hbox (2.90584pt too wide) in paragraph at lines 585--586
[]| \OT1/cmr/m/n/10 ARITH-METIC[]OPERATIONS, [][]103[][] 
 []


Overfull \hbox (0.27817pt too wide) in paragraph at lines 631--632
[]\OT1/cmr/m/n/10 Kredel-Weispfenning al-go-rithm, [][]420[][], [][]451[][] 
 []

[801] [802]
! Missing $ inserted.
<inserted text> 
                $
l.791     \subitem \Rightarrow
                               , \hyperpage{53}
I've inserted a begin-math/end-math symbol since I think
you left one out. Proceed, with fingers crossed.

! Missing $ inserted.
<inserted text> 
                $
l.792     \subitem
                   \geq , \hyperpage{60}
I've inserted a begin-math/end-math symbol since I think
you left one out. Proceed, with fingers crossed.

! Missing $ inserted.
<inserted text> 
                $
l.792     \subitem \geq
                        , \hyperpage{60}
I've inserted a begin-math/end-math symbol since I think
you left one out. Proceed, with fingers crossed.

! Missing $ inserted.
<inserted text> 
                $
l.793     \subitem
                   \leq , \hyperpage{62}
I've inserted a begin-math/end-math symbol since I think
you left one out. Proceed, with fingers crossed.

! Missing $ inserted.
<inserted text> 
                $
l.793     \subitem \leq
                        , \hyperpage{62}
I've inserted a begin-math/end-math symbol since I think
you left one out. Proceed, with fingers crossed.

! Missing $ inserted.
<inserted text> 
                $
l.794     \subitem
                   \textasciicircum , \hyperpage{59}
I've inserted a begin-math/end-math symbol since I think
you left one out. Proceed, with fingers crossed.

[803] [804] [805] [806] [807]
Overfull \hbox (3.88927pt too wide) in paragraph at lines 1144--1154
[][]\OT1/cmr/m/n/10 332[][], [][]342[][]--[][]345[][], [][]351[][], [][]360[][]
, [][]363[][], [][]366[][],
 []


Overfull \hbox (3.88927pt too wide) in paragraph at lines 1144--1154
[][]\OT1/cmr/m/n/10 372[][], [][]374[][]--[][]376[][], [][]378[][], [][]380[][]
, [][]382[][], [][]384[][],
 []

[808]
Overfull \hbox (3.88927pt too wide) in paragraph at lines 1232--1241
[][]\OT1/cmr/m/n/10 184[][], [][]189[][], [][]195[][], [][]196[][], [][]201[][]
--[][]203[][], [][]207[][],
 []

[809] [810] [811] [812] [813] [814])

! LaTeX Error: \begin{Operator} on input line 471 ended by \end{document}.

See the LaTeX manual or LaTeX Companion for explanation.
Type  H <return>  for immediate help.
 ...                                              
                                                  
l.94 \end{document}
                   
Your command was ignored.
Type  I <command> <return>  to replace it with another command,
or  <return>  to continue without it.

(redhelp.aux
! Use of \global doesn't match its definition.
l.15 \global\let
                \hyper@last\relax
If you say, e.g., `\def\a1{...}', then you must always
put `1' after `\a', since control sequence names are
made up of letters only. The macro here has not been
followed by the required stuff, so I'm ignoring it.

) )
(\end occurred inside a group at level 6)

### semi simple group (level 6) entered at line 471 (\begingroup)
### semi simple group (level 5) entered at line 250 (\begingroup)
### semi simple group (level 4) entered at line 1049 (\begingroup)
### semi simple group (level 3) entered at line 751 (\begingroup)
### semi simple group (level 2) entered at line 974 (\begingroup)
### semi simple group (level 1) entered at line 380 (\begingroup)
### bottom level 
Here is how much of TeX's memory you used:
 9069 strings out of 492972
 128455 string characters out of 3135889
 229388 words of memory out of 3000000
 11270 multiletter control sequences out of 15000+200000
 16034 words of font info for 55 fonts, out of 3000000 for 9000
 1141 hyphenation exceptions out of 8191
 28i,10n,34p,188b,816s stack positions out of 5000i,500n,10000p,200000b,50000s
<C:/Program Files/MiKTeX 2.9/fonts/type1/public/amsfonts/cm/cmb
x10.pfb><C:/Program Files/MiKTeX 2.9/fonts/type1/public/amsfonts/cm/cmbx12.pfb>
<C:/Program Files/MiKTeX 2.9/fonts/type1/public/amsfonts/cm/cmbx7.pfb><C:/Progr
am Files/MiKTeX 2.9/fonts/type1/public/amsfonts/cm/cmex10.pfb><C:/Program Files
/MiKTeX 2.9/fonts/type1/public/amsfonts/cm/cmitt10.pfb><C:/Program Files/MiKTeX
 2.9/fonts/type1/public/amsfonts/cm/cmmi10.pfb><C:/Program Files/MiKTeX 2.9/fon
ts/type1/public/amsfonts/cm/cmmi12.pfb><C:/Program Files/MiKTeX 2.9/fonts/type1
/public/amsfonts/cm/cmmi7.pfb><C:/Program Files/MiKTeX 2.9/fonts/type1/public/a
msfonts/cm/cmmib10.pfb><C:/Program Files/MiKTeX 2.9/fonts/type1/public/amsfonts
/cm/cmr10.pfb><C:/Program Files/MiKTeX 2.9/fonts/type1/public/amsfonts/cm/cmr12
.pfb><C:/Program Files/MiKTeX 2.9/fonts/type1/public/amsfonts/cm/cmr17.pfb><C:/
Program Files/MiKTeX 2.9/fonts/type1/public/amsfonts/cm/cmr5.pfb><C:/Program Fi
les/MiKTeX 2.9/fonts/type1/public/amsfonts/cm/cmr6.pfb><C:/Program Files/MiKTeX
 2.9/fonts/type1/public/amsfonts/cm/cmr7.pfb><C:/Program Files/MiKTeX 2.9/fonts
/type1/public/amsfonts/cm/cmr9.pfb><C:/Program Files/MiKTeX 2.9/fonts/type1/pub
lic/amsfonts/cm/cmsltt10.pfb><C:/Program Files/MiKTeX 2.9/fonts/type1/public/am
sfonts/cm/cmss10.pfb><C:/Program Files/MiKTeX 2.9/fonts/type1/public/amsfonts/c
m/cmss12.pfb><C:/Program Files/MiKTeX 2.9/fonts/type1/public/amsfonts/cm/cmss17
.pfb><C:/Program Files/MiKTeX 2.9/fonts/type1/public/amsfonts/cm/cmsy10.pfb><C:
/Program Files/MiKTeX 2.9/fonts/type1/public/amsfonts/cm/cmsy7.pfb><C:/Program 
Files/MiKTeX 2.9/fonts/type1/public/amsfonts/cm/cmti10.pfb><C:/Program Files/Mi
KTeX 2.9/fonts/type1/public/amsfonts/cm/cmti12.pfb><C:/Program Files/MiKTeX 2.9
/fonts/type1/public/amsfonts/cm/cmtt10.pfb><C:/Program Files/MiKTeX 2.9/fonts/t
ype1/public/amsfonts/cm/cmtt12.pfb>
Output written on redhelp.pdf (814 pages, 2605573 bytes).
PDF statistics:
 11109 PDF objects out of 12825 (max. 8388607)
 1543 named destinations out of 1728 (max. 500000)
 5769 words of extra memory for PDF output out of 10000 (max. 10000000)

